<?xml version="1.0" encoding="UTF-8"?>
<!-- Generated by org.testng.reporters.JUnitXMLReporter -->
<testsuite hostname="DESKTOP-GK381SJ" name="Test" tests="3" failures="0" timestamp="15 Mar 2021 00:08:05 GMT" time="0.188" errors="0">
  <testcase name="modifyCustomerTes" time="0.063" classname="com.crm.vtiger.ReportTest"/>
  <testcase name="createCustomerTest" time="0.0" classname="com.crm.vtiger.CustomerTest"/>
  <testcase name="modifyCustomerTest" time="0.016" classname="com.crm.vtiger.CustomerTest"/>
</testsuite> <!-- Test -->
